2024-03-13T21:48:07.289Z | IP: ::1 | URL: /data/index.html | Status Code: 200
2024-03-13T21:48:07.320Z | IP: ::1 | URL: /data/CSS%20Zen%20Garden_%20The%20Beauty%20of%20CSS%20Design_files/218.css | Status Code: 404
2024-03-13T21:48:07.322Z | IP: ::1 | URL: /data/CSS%20Zen%20Garden_%20The%20Beauty%20of%20CSS%20Design_files/xtk3kmd.js.%D0%91%D0%B5%D0%B7%20%D0%BD%D0%B0%D0%B7%D0%B2%D0%B0%D0%BD%D0%B8%D1%8F | Status Code: 404
2024-03-13T21:48:10.951Z | IP: ::1 | URL: /index.html | Status Code: 404
2024-03-13T21:48:20.468Z | IP: ::1 | URL: /data/index.html | Status Code: 200
2024-03-13T21:48:20.520Z | IP: ::1 | URL: /data/CSS%20Zen%20Garden_%20The%20Beauty%20of%20CSS%20Design_files/218.css | Status Code: 404
2024-03-13T21:48:20.523Z | IP: ::1 | URL: /data/CSS%20Zen%20Garden_%20The%20Beauty%20of%20CSS%20Design_files/xtk3kmd.js.%D0%91%D0%B5%D0%B7%20%D0%BD%D0%B0%D0%B7%D0%B2%D0%B0%D0%BD%D0%B8%D1%8F | Status Code: 404
2024-03-13T21:49:10.680Z | IP: ::1 | URL: /data/sus/218.css | Status Code: 200
2024-03-13T21:50:15.243Z | IP: ::1 | URL: /data/sus/218.cssfefwef | Status Code: 404
2024-03-13T21:56:30.670Z | IP: ::1 | URL: /data/index.html | Status Code: 200
2024-03-13T21:56:30.706Z | IP: ::1 | URL: /data/sus/xtk3kmd.js.%D0%91%D0%B5%D0%B7%20%D0%BD%D0%B0%D0%B7%D0%B2%D0%B0%D0%BD%D0%B8%D1%8F | Status Code: 404
2024-03-13T21:56:30.709Z | IP: ::1 | URL: /data/sus/218.css | Status Code: 200
2024-03-13T21:56:30.733Z | IP: ::1 | URL: /data/sus/img-lg-vert-border.png | Status Code: 200
2024-03-13T21:56:30.734Z | IP: ::1 | URL: /data/sus/img-halftone.png | Status Code: 200
2024-03-13T21:56:30.737Z | IP: ::1 | URL: /data/sus/img-lg-horiz-border.png | Status Code: 200
2024-03-13T21:56:30.740Z | IP: ::1 | URL: /data/sus/img-sprite.png | Status Code: 200
2024-03-13T21:56:30.741Z | IP: ::1 | URL: /data/sus/img-bottle.png | Status Code: 200
2024-03-13T21:56:30.742Z | IP: ::1 | URL: /data/sus/img-look-right.png | Status Code: 200
2024-03-13T21:56:30.763Z | IP: ::1 | URL: /data/sus/img-pointer-guy.png | Status Code: 200
2024-03-13T21:56:30.758Z | IP: ::1 | URL: /data/sus/img-lookup.png | Status Code: 200
